#
# A fatal error has been detected by the Java Runtime Environment:
#
#  EXCEPTION_ACCESS_VIOLATION (0xc0000005) at pc=0x600dcd11, pid=7508, tid=7704
#
# JRE version: 7.0_01-b08
# Java VM: Java HotSpot(TM) Client VM (21.1-b02 mixed mode, sharing windows-x86 )
# Problematic frame:
# C  [awt.dll+0x1cd11]
#
# Failed to write core dump. Minidumps are not enabled by default on client versions of Windows
#
# If you would like to submit a bug report, please visit:
#   http://bugreport.sun.com/bugreport/crash.jsp
# The crash happened outside the Java Virtual Machine in native code.
# See problematic frame for where to report the bug.
#

---------------  T H R E A D  ---------------

Current thread (0x04044800):  JavaThread "AWT-EventQueue-0" [_thread_in_native, id=7704, stack(0x063c0000,0x06410000)]

siginfo: ExceptionCode=0xc0000005, reading address 0x000003fc

Registers:
EAX=0x000000ff, EBX=0x00000000, ECX=0x2939b1dc, EDX=0x00000000
ESP=0x0640e4a8, EBP=0x00004cb3, ESI=0x05e30000, EDI=0x00000500
EIP=0x600dcd11, EFLAGS=0x00010207

Top of Stack: (sp=0x0640e4a8)
0x0640e4a8:   601b2910 04044928 05e26a00 fffffff8
0x0640e4b8:   600c1d94 00000000 00000000 00000500
0x0640e4c8:   000003c2 0640e58c 0640e510 601b2910
0x0640e4d8:   0640e62c 04044800 37978eb0 0640e694
0x0640e4e8:   38403ca0 00dd3930 ffffffe2 0410f600
0x0640e4f8:   00000000 00000008 00000008 0000001e
0x0640e508:   00000508 000003e0 00000008 0000001e
0x0640e518:   00000508 000003e0 05e269f8 00000000 

Instructions: (pc=0x600dcd11)
0x600dccf1:   00 00 6b c0 1d 6b ed 4d 03 d5 8d 84 02 80 00 00
0x600dcd01:   00 99 81 e2 ff 00 00 00 03 c2 c1 f8 08 0f b6 c0
0x600dcd11:   8a 14 83 88 16 83 c1 04 46 4f 75 b3 03 4c 24 14
0x600dcd21:   03 74 24 18 ff 4c 24 20 75 9b 5f 5e 5d 5b c3 8b 


Register to memory mapping:

EAX=0x000000ff is an unknown value
EBX=0x00000000 is an unknown value
ECX=0x2939b1dc is an oop
[I 
 - klass: {type array int}
 - length: 1231360
EDX=0x00000000 is an unknown value
ESP=0x0640e4a8 is pointing into the stack for thread: 0x04044800
EBP=0x00004cb3 is an unknown value
ESI=0x05e30000 is an unknown value
EDI=0x00000500 is an unknown value


Stack: [0x063c0000,0x06410000],  sp=0x0640e4a8,  free space=313k
Native frames: (J=compiled Java code, j=interpreted, Vv=VM code, C=native code)
C  [awt.dll+0x1cd11]  Java_sun_java2d_loops_TransformHelper_Transform+0xd201

Java frames: (J=compiled Java code, j=interpreted, Vv=VM code)
j  sun.java2d.loops.Blit.Blit(Lsun/java2d/SurfaceData;Lsun/java2d/SurfaceData;Ljava/awt/Composite;Lsun/java2d/pipe/Region;IIIIII)V+0
J  sun.java2d.pipe.DrawImage.blitSurfaceData(Lsun/java2d/SunGraphics2D;Lsun/java2d/pipe/Region;Lsun/java2d/SurfaceData;Lsun/java2d/SurfaceData;Lsun/java2d/loops/SurfaceType;Lsun/java2d/loops/SurfaceType;IIIIIILjava/awt/Color;)V
J  sun.java2d.pipe.DrawImage.renderImageCopy(Lsun/java2d/SunGraphics2D;Ljava/awt/Image;Ljava/awt/Color;IIIIII)Z
j  sun.java2d.pipe.DrawImage.copyImage(Lsun/java2d/SunGraphics2D;Ljava/awt/Image;IILjava/awt/Color;)Z+45
j  sun.java2d.pipe.DrawImage.copyImage(Lsun/java2d/SunGraphics2D;Ljava/awt/Image;IILjava/awt/Color;Ljava/awt/image/ImageObserver;)Z+15
j  sun.java2d.pipe.ValidatePipe.copyImage(Lsun/java2d/SunGraphics2D;Ljava/awt/Image;IILjava/awt/Color;Ljava/awt/image/ImageObserver;)Z+21
j  sun.java2d.SunGraphics2D.drawImage(Ljava/awt/Image;IILjava/awt/Color;Ljava/awt/image/ImageObserver;)Z+18
j  sun.java2d.SunGraphics2D.drawImage(Ljava/awt/Image;IILjava/awt/image/ImageObserver;)Z+7
J  javax.swing.RepaintManager$PaintManager.paintDoubleBuffered(Ljavax/swing/JComponent;Ljava/awt/Image;Ljava/awt/Graphics;IIII)V
j  javax.swing.RepaintManager$PaintManager.paint(Ljavax/swing/JComponent;Ljavax/swing/JComponent;Ljava/awt/Graphics;IIII)Z+116
j  javax.swing.RepaintManager.paint(Ljavax/swing/JComponent;Ljavax/swing/JComponent;Ljava/awt/Graphics;IIII)V+52
j  javax.swing.JComponent.paint(Ljava/awt/Graphics;)V+221
j  java.awt.GraphicsCallback$PaintCallback.run(Ljava/awt/Component;Ljava/awt/Graphics;)V+2
j  sun.awt.SunGraphicsCallback.runOneComponent(Ljava/awt/Component;Ljava/awt/Rectangle;Ljava/awt/Graphics;Ljava/awt/Shape;I)V+155
j  sun.awt.SunGraphicsCallback.runComponents([Ljava/awt/Component;Ljava/awt/Graphics;I)V+194
j  java.awt.Container.paint(Ljava/awt/Graphics;)V+55
j  java.awt.Window.paint(Ljava/awt/Graphics;)V+68
J  javax.swing.RepaintManager.paintDirtyRegions(Ljava/util/Map;)V
j  javax.swing.RepaintManager.paintDirtyRegions()V+46
j  javax.swing.RepaintManager.prePaintDirtyRegions()V+73
j  javax.swing.RepaintManager.access$700(Ljavax/swing/RepaintManager;)V+1
j  javax.swing.RepaintManager$ProcessingRunnable.run()V+37
J  java.awt.event.InvocationEvent.dispatch()V
J  java.awt.EventQueue.dispatchEventImpl(Ljava/awt/AWTEvent;Ljava/lang/Object;)V
J  java.awt.EventQueue$3.run()Ljava/lang/Object;
v  ~StubRoutines::call_stub
J  java.security.AccessController.doPrivileged(Ljava/security/PrivilegedAction;Ljava/security/AccessControlContext;)Ljava/lang/Object;
J  java.awt.EventQueue.dispatchEvent(Ljava/awt/AWTEvent;)V
J  java.awt.EventDispatchThread.pumpOneEventForFilters(I)Z
j  java.awt.EventDispatchThread.pumpEventsForFilter(ILjava/awt/Conditional;Ljava/awt/EventFilter;)V+35
j  java.awt.EventDispatchThread.pumpEventsForHierarchy(ILjava/awt/Conditional;Ljava/awt/Component;)V+11
j  java.awt.EventDispatchThread.pumpEvents(ILjava/awt/Conditional;)V+4
j  java.awt.EventDispatchThread.pumpEvents(Ljava/awt/Conditional;)V+3
j  java.awt.EventDispatchThread.run()V+9
v  ~StubRoutines::call_stub

---------------  P R O C E S S  ---------------

Java Threads: ( => current thread )
  0x040b2800 JavaThread "TimerQueue" daemon [_thread_blocked, id=7184, stack(0x09360000,0x093b0000)]
  0x040b2000 JavaThread "Swing-Shell" daemon [_thread_blocked, id=7248, stack(0x08e10000,0x08e60000)]
  0x040b0c00 JavaThread "D3D Screen Updater" daemon [_thread_blocked, id=4504, stack(0x06370000,0x063c0000)]
  0x00d19400 JavaThread "DestroyJavaVM" [_thread_blocked, id=2180, stack(0x005c0000,0x00610000)]
=>0x04044800 JavaThread "AWT-EventQueue-0" [_thread_in_native, id=7704, stack(0x063c0000,0x06410000)]
  0x0400f000 JavaThread "AWT-Windows" daemon [_thread_in_native, id=2604, stack(0x043a0000,0x043f0000)]
  0x0400e800 JavaThread "AWT-Shutdown" [_thread_blocked, id=1832, stack(0x03ce0000,0x03d30000)]
  0x0400c400 JavaThread "Java2D Disposer" daemon [_thread_blocked, id=6524, stack(0x042f0000,0x04340000)]
  0x00e01400 JavaThread "Service Thread" daemon [_thread_blocked, id=7912, stack(0x03f20000,0x03f70000)]
  0x00ded400 JavaThread "C1 CompilerThread0" daemon [_thread_blocked, id=7844, stack(0x03e50000,0x03ea0000)]
  0x00dec400 JavaThread "Attach Listener" daemon [_thread_blocked, id=7336, stack(0x03e00000,0x03e50000)]
  0x00de9400 JavaThread "Signal Dispatcher" daemon [_thread_blocked, id=8148, stack(0x03d30000,0x03d80000)]
  0x00dd7400 JavaThread "Finalizer" daemon [_thread_blocked, id=4156, stack(0x03ba0000,0x03bf0000)]
  0x00dd5c00 JavaThread "Reference Handler" daemon [_thread_blocked, id=7992, stack(0x03b40000,0x03b90000)]

Other Threads:
  0x00dd3c00 VMThread [stack: 0x03c60000,0x03cb0000] [id=6992]
  0x00e15000 WatcherThread [stack: 0x03f90000,0x03fe0000] [id=7660]

VM state:not at safepoint (normal execution)

VM Mutex/Monitor currently owned by a thread: None

Heap
 def new generation   total 4928K, used 558K [0x23870000, 0x23dc0000, 0x28dc0000)
  eden space 4416K,  10% used [0x23870000, 0x238e3a08, 0x23cc0000)
  from space 512K,  18% used [0x23cc0000, 0x23cd81e0, 0x23d40000)
  to   space 512K,   0% used [0x23d40000, 0x23d40000, 0x23dc0000)
 tenured generation   total 10944K, used 10806K [0x28dc0000, 0x29870000, 0x33870000)
   the space 10944K,  98% used [0x28dc0000, 0x2984d9e0, 0x2984da00, 0x29870000)
 compacting perm gen  total 12288K, used 1683K [0x33870000, 0x34470000, 0x37870000)
   the space 12288K,  13% used [0x33870000, 0x33a14f10, 0x33a15000, 0x34470000)
    ro space 10240K,  42% used [0x37870000, 0x37cac7b0, 0x37cac800, 0x38270000)
    rw space 12288K,  53% used [0x38270000, 0x388e8210, 0x388e8400, 0x38e70000)

Code Cache  [0x01a60000, 0x01bc0000, 0x03a60000)
 total_blobs=959 nmethods=726 adapters=165 free_code_cache=31383Kb largest_free_block=32136192

Dynamic libraries:
0x00e30000 - 0x00e5f000 	C:\Program Files\Java\jre7\bin\javaw.exe
0x77380000 - 0x774bc000 	C:\Windows\SYSTEM32\ntdll.dll
0x751a0000 - 0x75274000 	C:\Windows\system32\kernel32.dll
0x74d80000 - 0x74dca000 	C:\Windows\system32\KERNELBASE.dll
0x75540000 - 0x755e0000 	C:\Windows\system32\ADVAPI32.dll
0x75e80000 - 0x75f2c000 	C:\Windows\system32\msvcrt.dll
0x76b90000 - 0x76ba9000 	C:\Windows\SYSTEM32\sechost.dll
0x75490000 - 0x75531000 	C:\Windows\system32\RPCRT4.dll
0x752c0000 - 0x75389000 	C:\Windows\system32\USER32.dll
0x757f0000 - 0x7583e000 	C:\Windows\system32\GDI32.dll
0x76b80000 - 0x76b8a000 	C:\Windows\system32\LPK.dll
0x753e0000 - 0x7547d000 	C:\Windows\system32\USP10.dll
0x73940000 - 0x73ade000 	C:\Windows\WinSxS\x86_microsoft.windows.common-controls_6595b64144ccf1df_6.0.7600.16661_none_420fe3fa2b8113bd\COMCTL32.dll
0x75640000 - 0x75697000 	C:\Windows\system32\SHLWAPI.dll
0x756a0000 - 0x756bf000 	C:\Windows\system32\IMM32.DLL
0x750d0000 - 0x7519c000 	C:\Windows\system32\MSCTF.dll
0x6a2e0000 - 0x6a39e000 	C:\Program Files\Java\jre7\bin\msvcr100.dll
0x5fbb0000 - 0x5fed1000 	C:\Program Files\Java\jre7\bin\client\jvm.dll
0x706f0000 - 0x706f7000 	C:\Windows\system32\WSOCK32.dll
0x75280000 - 0x752b5000 	C:\Windows\system32\WS2_32.dll
0x757e0000 - 0x757e6000 	C:\Windows\system32\NSI.dll
0x73110000 - 0x73142000 	C:\Windows\system32\WINMM.dll
0x756c0000 - 0x756c5000 	C:\Windows\system32\PSAPI.DLL
0x6bb20000 - 0x6bb2c000 	C:\Program Files\Java\jre7\bin\verify.dll
0x6a9c0000 - 0x6a9e0000 	C:\Program Files\Java\jre7\bin\java.dll
0x6a6c0000 - 0x6a6d3000 	C:\Program Files\Java\jre7\bin\zip.dll
0x600c0000 - 0x60202000 	C:\Program Files\Java\jre7\bin\awt.dll
0x756d0000 - 0x7575f000 	C:\Windows\system32\OLEAUT32.dll
0x75b20000 - 0x75c7c000 	C:\Windows\system32\ole32.dll
0x73620000 - 0x73633000 	C:\Windows\system32\DWMAPI.DLL
0x73900000 - 0x73940000 	C:\Windows\system32\uxtheme.dll
0x74c50000 - 0x74c5c000 	C:\Windows\system32\CRYPTBASE.dll
0x690c0000 - 0x69283000 	C:\Windows\system32\d3d9.dll
0x742c0000 - 0x742c9000 	C:\Windows\system32\VERSION.dll
0x722f0000 - 0x722f6000 	C:\Windows\system32\d3d8thk.dll
0x63ed0000 - 0x64a4f000 	C:\Windows\system32\nvd3dum.dll
0x73d80000 - 0x73da5000 	C:\Windows\system32\powrprof.dll
0x75840000 - 0x759dd000 	C:\Windows\system32\SETUPAPI.dll
0x74d50000 - 0x74d77000 	C:\Windows\system32\CFGMGR32.dll
0x74dd0000 - 0x74de2000 	C:\Windows\system32\DEVOBJ.dll
0x75f30000 - 0x76b79000 	C:\Windows\system32\SHELL32.dll
0x61ee0000 - 0x61f0a000 	C:\Program Files\Java\jre7\bin\fontmanager.dll
0x76be0000 - 0x76c63000 	C:\Windows\system32\CLBCatQ.DLL
0x734f0000 - 0x735eb000 	C:\Windows\system32\WindowsCodecs.dll
0x74c00000 - 0x74c4b000 	C:\Windows\system32\apphelp.dll
0x6f600000 - 0x6f631000 	C:\Windows\system32\EhStorShell.dll
0x73ae0000 - 0x73bd5000 	C:\Windows\system32\PROPSYS.dll
0x6c490000 - 0x6c4fa000 	C:\Windows\System32\cscui.dll
0x714b0000 - 0x714b9000 	C:\Windows\System32\CSCDLL.dll
0x6e6a0000 - 0x6e6ab000 	C:\Windows\system32\CSCAPI.dll
0x6ed90000 - 0x6edff000 	C:\Windows\system32\ntshrui.dll
0x74a20000 - 0x74a39000 	C:\Windows\system32\srvcli.dll
0x72f90000 - 0x72f9a000 	C:\Windows\system32\slc.dll
0x64f80000 - 0x64f94000 	C:\Program Files\Java\jre7\bin\net.dll
0x10000000 - 0x1004c000 	C:\Program Files\SpeedBit Video Accelerator\SBLSP.dll
0x07560000 - 0x07842000 	C:\Program Files\SpeedBit Video Accelerator\Accelerator.dll
0x74330000 - 0x74347000 	C:\Windows\system32\USERENV.dll
0x74cd0000 - 0x74cdb000 	C:\Windows\system32\profapi.dll
0x74fd0000 - 0x750c5000 	C:\Windows\system32\WININET.dll
0x759e0000 - 0x75b16000 	C:\Windows\system32\urlmon.dll
0x74df0000 - 0x74f0c000 	C:\Windows\system32\CRYPT32.dll
0x74d40000 - 0x74d4c000 	C:\Windows\system32\MSASN1.dll
0x75c80000 - 0x75e7d000 	C:\Windows\system32\iertutil.dll
0x043f0000 - 0x0443b000 	C:\Program Files\SpeedBit Video Accelerator\ConfigDB.dll
0x74be0000 - 0x74bfa000 	C:\Windows\system32\SspiCli.dll
0x74710000 - 0x7474c000 	C:\Windows\system32\mswsock.dll
0x74700000 - 0x74706000 	C:\Windows\System32\wship6.dll
0x6bb30000 - 0x6bb3f000 	C:\Program Files\Java\jre7\bin\nio.dll
0x07af0000 - 0x07b68000 	C:\Program Files\SpeedBit Video Accelerator\CommPipe.dll
0x60650000 - 0x60681000 	C:\Program Files\Java\jre7\bin\t2k.dll
0x745d0000 - 0x74614000 	C:\Windows\system32\DNSAPI.dll
0x16080000 - 0x160a5000 	C:\Program Files\Bonjour\mdnsNSP.dll
0x71670000 - 0x7168c000 	C:\Windows\system32\Iphlpapi.DLL
0x71650000 - 0x71657000 	C:\Windows\system32\WINNSI.DLL
0x712f0000 - 0x71328000 	C:\Windows\System32\fwpuclnt.dll
0x6fe70000 - 0x6fe76000 	C:\Windows\system32\rasadhlp.dll
0x741a0000 - 0x741a5000 	C:\Windows\System32\wshtcpip.dll
0x06510000 - 0x06560000 	C:\Program Files\SpeedBit Video Accelerator\Collector.dll
0x70f00000 - 0x70f84000 	C:\Windows\WinSxS\x86_microsoft.windows.common-controls_6595b64144ccf1df_5.82.7600.16661_none_ebfb56996c72aefc\comctl32.dll
0x741c0000 - 0x741e1000 	C:\Windows\system32\ntmarta.dll
0x75390000 - 0x753d5000 	C:\Windows\system32\WLDAP32.dll
0x6bbd0000 - 0x6bd68000 	C:\Windows\system32\NetworkExplorer.dll
0x6c1a0000 - 0x6c1ce000 	C:\Windows\System32\shdocvw.dll
0x70000000 - 0x70012000 	C:\Windows\system32\MPR.dll
0x6c180000 - 0x6c188000 	C:\Windows\System32\drprov.dll
0x749f0000 - 0x74a19000 	C:\Windows\System32\WINSTA.dll
0x6bbb0000 - 0x6bbc4000 	C:\Windows\System32\ntlanman.dll
0x6bb90000 - 0x6bba7000 	C:\Windows\System32\davclnt.dll
0x6c170000 - 0x6c178000 	C:\Windows\System32\DAVHLPR.dll
0x733c0000 - 0x733cf000 	C:\Windows\system32\wkscli.dll
0x733d0000 - 0x733d9000 	C:\Windows\system32\netutils.dll
0x60210000 - 0x60448000 	C:\Windows\system32\wpdshext.dll
0x73770000 - 0x73900000 	C:\Windows\WinSxS\x86_microsoft.windows.gdiplus_6595b64144ccf1df_1.1.7600.16385_none_72fc7cbf861225ca\gdiplus.dll
0x6efa0000 - 0x6f029000 	C:\Windows\system32\PortableDeviceApi.dll
0x74fa0000 - 0x74fcd000 	C:\Windows\system32\WINTRUST.dll
0x62360000 - 0x6239f000 	C:\Windows\system32\audiodev.dll
0x5ee00000 - 0x5f067000 	C:\Windows\system32\WMVCore.DLL
0x721a0000 - 0x721dd000 	C:\Windows\system32\WMASF.DLL
0x72170000 - 0x72192000 	C:\Windows\system32\EhStorAPI.dll
0x6c190000 - 0x6c199000 	C:\Windows\system32\LINKINFO.dll
0x693a0000 - 0x6943f000 	C:\Windows\system32\SearchFolder.dll
0x735f0000 - 0x7361f000 	C:\Windows\system32\XmlLite.dll
0x74750000 - 0x74766000 	C:\Windows\system32\CRYPTSP.dll
0x744f0000 - 0x7452b000 	C:\Windows\system32\rsaenh.dll
0x74cc0000 - 0x74cce000 	C:\Windows\system32\RpcRtRemote.dll

VM Arguments:
java_command: C:\Users\Stas\Documents\NetBeansProjects\DrabED\dist\DrabED.jar
Launcher Type: SUN_STANDARD

Environment Variables:
CLASSPATH=.;C:\Program Files\QuickTime\QTSystem\QTJava.zip
PATH=C:\Program Files\Java\jre7\bin\client;C:\MinGW\bin;d:\games\steam\steamapps\stasbudco\half-life 2 deathmatch\hl2mp\..\bin;
USERNAME=Stas
OS=Windows_NT
PROCESSOR_IDENTIFIER=x86 Family 6 Model 15 Stepping 11, GenuineIntel



---------------  S Y S T E M  ---------------

OS: Windows 7 Build 7600 

CPU:total 4 (4 cores per cpu, 1 threads per core) family 6 model 15 stepping 11, cmov, cx8, fxsr, mmx, sse, sse2, sse3, ssse3

Memory: 4k page, physical 3144184k(1131308k free), swap 6286604k(3776044k free)

vm_info: Java HotSpot(TM) Client VM (21.1-b02) for windows-x86 JRE (1.7.0_01-b08), built on Oct  3 2011 02:11:36 by "java_re" with unknown MS VC++:1600

time: Tue Jan 24 23:37:06 2012
elapsed time: 1369 seconds

